<?xml version="1.0" encoding="UTF-8"?>
<testng-results ignored="0" total="1" passed="1" failed="0" skipped="0">
  <reporter-output>
  </reporter-output>
  <suite started-at="2021-06-04T12:12:30 IST" name="Default suite" finished-at="2021-06-04T12:13:33 IST" duration-ms="63103">
    <groups>
    </groups>
    <test started-at="2021-06-04T12:12:30 IST" name="Default test" finished-at="2021-06-04T12:13:33 IST" duration-ms="63103">
      <class name="page2.Testcase">
        <test-method signature="system()[pri:0, instance:page2.Testcase@3f56875e]" started-at="2021-06-04T12:12:30 IST" name="system" finished-at="2021-06-04T12:13:33 IST" duration-ms="62922" status="PASS">
          <reporter-output>
          </reporter-output>
        </test-method> <!-- system -->
      </class> <!-- page2.Testcase -->
    </test> <!-- Default test -->
  </suite> <!-- Default suite -->
</testng-results>
